{"total": {"lines":{"total":190,"covered":161,"skipped":0,"pct":84.73},"statements":{"total":213,"covered":177,"skipped":0,"pct":83.09},"functions":{"total":56,"covered":45,"skipped":0,"pct":80.35},"branches":{"total":105,"covered":85,"skipped":0,"pct":80.95},"branchesTrue":{"total":0,"covered":0,"skipped":0,"pct":100}}
,"C:\\AI projects\\ai-cookbook\\hard\\cookbook-api\\src\\app.js": {"lines":{"total":17,"covered":17,"skipped":0,"pct":100},"functions":{"total":3,"covered":3,"skipped":0,"pct":100},"statements":{"total":18,"covered":18,"skipped":0,"pct":100},"branches":{"total":6,"covered":5,"skipped":0,"pct":83.33}}
,"C:\\AI projects\\ai-cookbook\\hard\\cookbook-api\\src\\routes\\cache.js": {"lines":{"total":5,"covered":5,"skipped":0,"pct":100},"functions":{"total":2,"covered":2,"skipped":0,"pct":100},"statements":{"total":5,"covered":5,"skipped":0,"pct":100},"branches":{"total":0,"covered":0,"skipped":0,"pct":100}}
,"C:\\AI projects\\ai-cookbook\\hard\\cookbook-api\\src\\routes\\recipes.js": {"lines":{"total":34,"covered":34,"skipped":0,"pct":100},"functions":{"total":5,"covered":5,"skipped":0,"pct":100},"statements":{"total":37,"covered":37,"skipped":0,"pct":100},"branches":{"total":26,"covered":23,"skipped":0,"pct":88.46}}
,"C:\\AI projects\\ai-cookbook\\hard\\cookbook-api\\src\\services\\anthropicClient.js": {"lines":{"total":38,"covered":38,"skipped":0,"pct":100},"functions":{"total":5,"covered":5,"skipped":0,"pct":100},"statements":{"total":44,"covered":44,"skipped":0,"pct":100},"branches":{"total":35,"covered":31,"skipped":0,"pct":88.57}}
,"C:\\AI projects\\ai-cookbook\\hard\\cookbook-api\\src\\services\\cache.js": {"lines":{"total":43,"covered":28,"skipped":0,"pct":65.11},"functions":{"total":21,"covered":15,"skipped":0,"pct":71.42},"statements":{"total":51,"covered":31,"skipped":0,"pct":60.78},"branches":{"total":18,"covered":12,"skipped":0,"pct":66.66}}
,"C:\\AI projects\\ai-cookbook\\hard\\cookbook-api\\src\\services\\recipeService.js": {"lines":{"total":12,"covered":12,"skipped":0,"pct":100},"functions":{"total":4,"covered":4,"skipped":0,"pct":100},"statements":{"total":12,"covered":12,"skipped":0,"pct":100},"branches":{"total":8,"covered":8,"skipped":0,"pct":100}}
,"C:\\AI projects\\ai-cookbook\\hard\\cookbook-api\\src\\store\\recipeStore.js": {"lines":{"total":41,"covered":27,"skipped":0,"pct":65.85},"functions":{"total":16,"covered":11,"skipped":0,"pct":68.75},"statements":{"total":46,"covered":30,"skipped":0,"pct":65.21},"branches":{"total":12,"covered":6,"skipped":0,"pct":50}}
}
